# JRE version: OpenJDK Runtime Environment (8.0_171-b11) (build 1.8.0_171-8u171-b11-2-b11)
# Java VM: OpenJDK Server VM (25.171-b11 mixed mode linux-x86 )
Heap:
 PSYoungGen      total 341504K, used 107507K [0x91ec0000, 0xa73c0000, 0xa7400000)
  eden space 334080K, 30% used [0x91ec0000,0x982cf5b8,0xa6500000)
  from space 7424K, 67% used [0xa6c40000,0xa712d908,0xa7380000)
  to   space 7424K, 0% used [0xa6500000,0xa6500000,0xa6c40000)
 ParOldGen       total 699136K, used 561678K [0x67400000, 0x91ec0000, 0x91ec0000)
  object space 699136K, 80% used [0x67400000,0x898839a0,0x91ec0000)
 Metaspace       used 64514K, capacity 64886K, committed 65280K, reserved 65840K
GC Heap History (10 events):
Event: 6434.653 GC heap before
{Heap before GC invocations=551 (full 13):
 PSYoungGen      total 340992K, used 338040K [0x91ec0000, 0xa7400000, 0xa7400000)
  eden space 333056K, 100% used [0x91ec0000,0xa6400000,0xa6400000)
  from space 7936K, 62% used [0xa6400000,0xa68de1c8,0xa6bc0000)
  to   space 7936K, 0% used [0xa6c40000,0xa6c40000,0xa7400000)
 ParOldGen       total 699136K, used 561653K [0x67400000, 0x91ec0000, 0x91ec0000)
  object space 699136K, 80% used [0x67400000,0x8987d490,0x91ec0000)
 Metaspace       used 64507K, capacity 64886K, committed 65280K, reserved 65840K
Event: 6434.702 GC heap after
Heap after GC invocations=551 (full 13):
 PSYoungGen      total 341504K, used 4995K [0x91ec0000, 0xa7400000, 0xa7400000)
  eden space 333568K, 0% used [0x91ec0000,0x91ec0000,0xa6480000)
  from space 7936K, 62% used [0xa6c40000,0xa7120ec8,0xa7400000)
  to   space 7936K, 0% used [0xa6480000,0xa6480000,0xa6c40000)
 ParOldGen       total 699136K, used 561657K [0x67400000, 0x91ec0000, 0x91ec0000)
  object space 699136K, 80% used [0x67400000,0x8987e490,0x91ec0000)
 Metaspace       used 64507K, capacity 64886K, committed 65280K, reserved 65840K
}
Event: 6471.569 GC heap before
{Heap before GC invocations=552 (full 13):
 PSYoungGen      total 341504K, used 338563K [0x91ec0000, 0xa7400000, 0xa7400000)
  eden space 333568K, 100% used [0x91ec0000,0xa6480000,0xa6480000)
  from space 7936K, 62% used [0xa6c40000,0xa7120ec8,0xa7400000)
  to   space 7936K, 0% used [0xa6480000,0xa6480000,0xa6c40000)
 ParOldGen       total 699136K, used 561657K [0x67400000, 0x91ec0000, 0x91ec0000)
  object space 699136K, 80% used [0x67400000,0x8987e490,0x91ec0000)
 Metaspace       used 64507K, capacity 64886K, committed 65280K, reserved 65840K
Event: 6471.605 GC heap after
Heap after GC invocations=552 (full 13):
 PSYoungGen      total 338688K, used 4875K [0x91ec0000, 0xa7380000, 0xa7400000)
  eden space 333568K, 0% used [0x91ec0000,0x91ec0000,0xa6480000)
  from space 5120K, 95% used [0xa6480000,0xa6942eb8,0xa6980000)
  to   space 7680K, 0% used [0xa6c00000,0xa6c00000,0xa7380000)
 ParOldGen       total 699136K, used 561661K [0x67400000, 0x91ec0000, 0x91ec0000)
  object space 699136K, 80% used [0x67400000,0x8987f490,0x91ec0000)
 Metaspace       used 64507K, capacity 64886K, committed 65280K, reserved 65840K
}
Event: 6509.233 GC heap before
{Heap before GC invocations=553 (full 13):
 PSYoungGen      total 338688K, used 338443K [0x91ec0000, 0xa7380000, 0xa7400000)
  eden space 333568K, 100% used [0x91ec0000,0xa6480000,0xa6480000)
  from space 5120K, 95% used [0xa6480000,0xa6942eb8,0xa6980000)
  to   space 7680K, 0% used [0xa6c00000,0xa6c00000,0xa7380000)
 ParOldGen       total 699136K, used 561661K [0x67400000, 0x91ec0000, 0x91ec0000)
  object space 699136K, 80% used [0x67400000,0x8987f490,0x91ec0000)
 Metaspace       used 64507K, capacity 64886K, committed 65280K, reserved 65840K
Event: 6509.259 GC heap after
Heap after GC invocations=553 (full 13):
 PSYoungGen      total 341248K, used 4968K [0x91ec0000, 0xa7400000, 0xa7400000)
  eden space 333568K, 0% used [0x91ec0000,0x91ec0000,0xa6480000)
  from space 7680K, 64% used [0xa6c00000,0xa70da2e8,0xa7380000)
  to   space 7680K, 0% used [0xa6480000,0xa6480000,0xa6c00000)
 ParOldGen       total 699136K, used 561670K [0x67400000, 0x91ec0000, 0x91ec0000)
  object space 699136K, 80% used [0x67400000,0x898819a0,0x91ec0000)
 Metaspace       used 64507K, capacity 64886K, committed 65280K, reserved 65840K
}
Event: 6543.062 GC heap before
{Heap before GC invocations=554 (full 13):
 PSYoungGen      total 341248K, used 338536K [0x91ec0000, 0xa7400000, 0xa7400000)
  eden space 333568K, 100% used [0x91ec0000,0xa6480000,0xa6480000)
  from space 7680K, 64% used [0xa6c00000,0xa70da2e8,0xa7380000)
  to   space 7680K, 0% used [0xa6480000,0xa6480000,0xa6c00000)
 ParOldGen       total 699136K, used 561670K [0x67400000, 0x91ec0000, 0x91ec0000)
  object space 699136K, 80% used [0x67400000,0x898819a0,0x91ec0000)
 Metaspace       used 64509K, capacity 64886K, committed 65280K, reserved 65840K
Event: 6543.094 GC heap after
Heap after GC invocations=554 (full 13):
 PSYoungGen      total 341248K, used 4974K [0x91ec0000, 0xa7380000, 0xa7400000)
  eden space 333568K, 0% used [0x91ec0000,0x91ec0000,0xa6480000)
  from space 7680K, 64% used [0xa6480000,0xa695b8d8,0xa6c00000)
  to   space 7424K, 0% used [0xa6c40000,0xa6c40000,0xa7380000)
 ParOldGen       total 699136K, used 561678K [0x67400000, 0x91ec0000, 0x91ec0000)
  object space 699136K, 80% used [0x67400000,0x898839a0,0x91ec0000)
 Metaspace       used 64509K, capacity 64886K, committed 65280K, reserved 65840K
}
Event: 6584.200 GC heap before
{Heap before GC invocations=555 (full 13):
 PSYoungGen      total 341248K, used 338542K [0x91ec0000, 0xa7380000, 0xa7400000)
  eden space 333568K, 100% used [0x91ec0000,0xa6480000,0xa6480000)
  from space 7680K, 64% used [0xa6480000,0xa695b8d8,0xa6c00000)
  to   space 7424K, 0% used [0xa6c40000,0xa6c40000,0xa7380000)
 ParOldGen       total 699136K, used 561678K [0x67400000, 0x91ec0000, 0x91ec0000)
  object space 699136K, 80% used [0x67400000,0x898839a0,0x91ec0000)
 Metaspace       used 64514K, capacity 64886K, committed 65280K, reserved 65840K
Event: 6584.226 GC heap after
Heap after GC invocations=555 (full 13):
 PSYoungGen      total 341504K, used 5046K [0x91ec0000, 0xa73c0000, 0xa7400000)
  eden space 334080K, 0% used [0x91ec0000,0x91ec0000,0xa6500000)
  from space 7424K, 67% used [0xa6c40000,0xa712d908,0xa7380000)
  to   space 7424K, 0% used [0xa6500000,0xa6500000,0xa6c40000)
 ParOldGen       total 699136K, used 561678K [0x67400000, 0x91ec0000, 0x91ec0000)
  object space 699136K, 80% used [0x67400000,0x898839a0,0x91ec0000)
 Metaspace       used 64514K, capacity 64886K, committed 65280K, reserved 65840K
}

