# JRE version: OpenJDK Runtime Environment (8.0_171-b11) (build 1.8.0_171-8u171-b11-2-b11)
# Java VM: OpenJDK Server VM (25.171-b11 mixed mode linux-x86 )
Heap:
 PSYoungGen      total 274944K, used 180946K [0x91ec0000, 0xa6fc0000, 0xa7400000)
  eden space 208384K, 82% used [0x91ec0000,0x9c6539a0,0x9ea40000)
  from space 66560K, 14% used [0xa2ec0000,0xa37e0f90,0xa6fc0000)
  to   space 68352K, 0% used [0x9ea40000,0x9ea40000,0xa2d00000)
 ParOldGen       total 314112K, used 194917K [0x67400000, 0x7a6c0000, 0x91ec0000)
  object space 314112K, 62% used [0x67400000,0x73259558,0x7a6c0000)
 Metaspace       used 28677K, capacity 28921K, committed 29056K, reserved 30000K
GC Heap History (10 events):
Event: 64.174 GC heap before
{Heap before GC invocations=18 (full 2):
 PSYoungGen      total 263680K, used 211105K [0x91ec0000, 0xa7400000, 0xa7400000)
  eden space 189696K, 100% used [0x91ec0000,0x9d800000,0x9d800000)
  from space 73984K, 28% used [0x9d800000,0x9ece8558,0xa2040000)
  to   space 72704K, 0% used [0xa2d00000,0xa2d00000,0xa7400000)
 ParOldGen       total 314112K, used 153906K [0x67400000, 0x7a6c0000, 0x91ec0000)
  object space 314112K, 48% used [0x67400000,0x70a4cad0,0x7a6c0000)
 Metaspace       used 23958K, capacity 24204K, committed 24320K, reserved 24880K
Event: 64.251 GC heap after
Heap after GC invocations=18 (full 2):
 PSYoungGen      total 274176K, used 13057K [0x91ec0000, 0xa72c0000, 0xa7400000)
  eden space 202752K, 0% used [0x91ec0000,0x91ec0000,0x9e4c0000)
  from space 71424K, 18% used [0xa2d00000,0xa39c0730,0xa72c0000)
  to   space 72704K, 0% used [0x9e4c0000,0x9e4c0000,0xa2bc0000)
 ParOldGen       total 314112K, used 168688K [0x67400000, 0x7a6c0000, 0x91ec0000)
  object space 314112K, 53% used [0x67400000,0x718bc2b8,0x7a6c0000)
 Metaspace       used 23958K, capacity 24204K, committed 24320K, reserved 24880K
}
Event: 66.058 GC heap before
{Heap before GC invocations=19 (full 2):
 PSYoungGen      total 274176K, used 215809K [0x91ec0000, 0xa72c0000, 0xa7400000)
  eden space 202752K, 100% used [0x91ec0000,0x9e4c0000,0x9e4c0000)
  from space 71424K, 18% used [0xa2d00000,0xa39c0730,0xa72c0000)
  to   space 72704K, 0% used [0x9e4c0000,0x9e4c0000,0xa2bc0000)
 ParOldGen       total 314112K, used 168688K [0x67400000, 0x7a6c0000, 0x91ec0000)
  object space 314112K, 53% used [0x67400000,0x718bc2b8,0x7a6c0000)
 Metaspace       used 24840K, capacity 25070K, committed 25216K, reserved 25904K
Event: 66.081 GC heap after
Heap after GC invocations=19 (full 2):
 PSYoungGen      total 275456K, used 9513K [0x91ec0000, 0xa7400000, 0xa7400000)
  eden space 202752K, 0% used [0x91ec0000,0x91ec0000,0x9e4c0000)
  from space 72704K, 13% used [0x9e4c0000,0x9ee0a748,0xa2bc0000)
  to   space 72448K, 0% used [0xa2d40000,0xa2d40000,0xa7400000)
 ParOldGen       total 314112K, used 173345K [0x67400000, 0x7a6c0000, 0x91ec0000)
  object space 314112K, 55% used [0x67400000,0x71d48540,0x7a6c0000)
 Metaspace       used 24840K, capacity 25070K, committed 25216K, reserved 25904K
}
Event: 67.566 GC heap before
{Heap before GC invocations=20 (full 2):
 PSYoungGen      total 275456K, used 212265K [0x91ec0000, 0xa7400000, 0xa7400000)
  eden space 202752K, 100% used [0x91ec0000,0x9e4c0000,0x9e4c0000)
  from space 72704K, 13% used [0x9e4c0000,0x9ee0a748,0xa2bc0000)
  to   space 72448K, 0% used [0xa2d40000,0xa2d40000,0xa7400000)
 ParOldGen       total 314112K, used 173345K [0x67400000, 0x7a6c0000, 0x91ec0000)
  object space 314112K, 55% used [0x67400000,0x71d48540,0x7a6c0000)
 Metaspace       used 25617K, capacity 25870K, committed 26112K, reserved 26928K
Event: 67.593 GC heap after
Heap after GC invocations=20 (full 2):
 PSYoungGen      total 273920K, used 12902K [0x91ec0000, 0xa7140000, 0xa7400000)
  eden space 204288K, 0% used [0x91ec0000,0x91ec0000,0x9e640000)
  from space 69632K, 18% used [0xa2d40000,0xa39d9b80,0xa7140000)
  to   space 71168K, 0% used [0x9e640000,0x9e640000,0xa2bc0000)
 ParOldGen       total 314112K, used 178063K [0x67400000, 0x7a6c0000, 0x91ec0000)
  object space 314112K, 56% used [0x67400000,0x721e3dd8,0x7a6c0000)
 Metaspace       used 25617K, capacity 25870K, committed 26112K, reserved 26928K
}
Event: 69.792 GC heap before
{Heap before GC invocations=21 (full 2):
 PSYoungGen      total 273920K, used 217190K [0x91ec0000, 0xa7140000, 0xa7400000)
  eden space 204288K, 100% used [0x91ec0000,0x9e640000,0x9e640000)
  from space 69632K, 18% used [0xa2d40000,0xa39d9b80,0xa7140000)
  to   space 71168K, 0% used [0x9e640000,0x9e640000,0xa2bc0000)
 ParOldGen       total 314112K, used 178063K [0x67400000, 0x7a6c0000, 0x91ec0000)
  object space 314112K, 56% used [0x67400000,0x721e3dd8,0x7a6c0000)
 Metaspace       used 26416K, capacity 26676K, committed 26880K, reserved 26928K
Event: 69.861 GC heap after
Heap after GC invocations=21 (full 2):
 PSYoungGen      total 275456K, used 11681K [0x91ec0000, 0xa7300000, 0xa7400000)
  eden space 204288K, 0% used [0x91ec0000,0x91ec0000,0x9e640000)
  from space 71168K, 16% used [0x9e640000,0x9f1a86c8,0xa2bc0000)
  to   space 69888K, 0% used [0xa2ec0000,0xa2ec0000,0xa7300000)
 ParOldGen       total 314112K, used 186888K [0x67400000, 0x7a6c0000, 0x91ec0000)
  object space 314112K, 59% used [0x67400000,0x72a82188,0x7a6c0000)
 Metaspace       used 26416K, capacity 26676K, committed 26880K, reserved 26928K
}
Event: 72.557 GC heap before
{Heap before GC invocations=22 (full 2):
 PSYoungGen      total 275456K, used 215969K [0x91ec0000, 0xa7300000, 0xa7400000)
  eden space 204288K, 100% used [0x91ec0000,0x9e640000,0x9e640000)
  from space 71168K, 16% used [0x9e640000,0x9f1a86c8,0xa2bc0000)
  to   space 69888K, 0% used [0xa2ec0000,0xa2ec0000,0xa7300000)
 ParOldGen       total 314112K, used 186888K [0x67400000, 0x7a6c0000, 0x91ec0000)
  object space 314112K, 59% used [0x67400000,0x72a82188,0x7a6c0000)
 Metaspace       used 27583K, capacity 27863K, committed 28032K, reserved 28976K
Event: 72.618 GC heap after
Heap after GC invocations=22 (full 2):
 PSYoungGen      total 274944K, used 9347K [0x91ec0000, 0xa6fc0000, 0xa7400000)
  eden space 208384K, 0% used [0x91ec0000,0x91ec0000,0x9ea40000)
  from space 66560K, 14% used [0xa2ec0000,0xa37e0f90,0xa6fc0000)
  to   space 68352K, 0% used [0x9ea40000,0x9ea40000,0xa2d00000)
 ParOldGen       total 314112K, used 194917K [0x67400000, 0x7a6c0000, 0x91ec0000)
  object space 314112K, 62% used [0x67400000,0x73259558,0x7a6c0000)
 Metaspace       used 27583K, capacity 27863K, committed 28032K, reserved 28976K
}

